Traceback (most recent call last):
  File "C:\ProgramData\Miniconda3\lib\site-packages\jupyter_cache\executors\utils.py", line 51, in single_nb_execution
    executenb(
  File "C:\ProgramData\Miniconda3\lib\site-packages\nbclient\client.py", line 1093, in execute
    return NotebookClient(nb=nb, resources=resources, km=km, **kwargs).execute()
  File "C:\ProgramData\Miniconda3\lib\site-packages\nbclient\util.py", line 84, in wrapped
    return just_run(coro(*args, **kwargs))
  File "C:\ProgramData\Miniconda3\lib\site-packages\nbclient\util.py", line 62, in just_run
    return loop.run_until_complete(coro)
  File "C:\ProgramData\Miniconda3\lib\asyncio\base_events.py", line 642, in run_until_complete
    return future.result()
  File "C:\ProgramData\Miniconda3\lib\site-packages\nbclient\client.py", line 559, in async_execute
    await self.async_execute_cell(
  File "C:\ProgramData\Miniconda3\lib\site-packages\nbclient\client.py", line 854, in async_execute_cell
    self._check_raise_for_error(cell, exec_reply)
  File "C:\ProgramData\Miniconda3\lib\site-packages\nbclient\client.py", line 756, in _check_raise_for_error
    raise CellExecutionError.from_cell_and_msg(cell, exec_reply_content)
nbclient.exceptions.CellExecutionError: An error occurred while executing the following cell:
------------------
# Some common commands are as follows
import tensorflow as tf
print("Check TF version: ",tf.__version__)

t1 = tf.constant([[10., 7.],
                [3., 2.],
                [8., 9.]], dtype=tf.float16) # by default TF creates tensors with either an int32 or float32 datatype.

print("Access a specific feature of the tensor, in this case shape of t1: ",t1.shape)
print("Size of t1: ", tf.size(t1))
print("Datatype of every element:", t1.dtype)
print("Number of dimensions (rank):", t1.ndim)
print("Shape of tensor:", t1.shape)
print("Elements along axis 0 of tensor:", t1.shape[0])
print("Elements along last axis of tensor:", t1.shape[-1])
print("Total number of elements:", tf.size(t1).numpy()) # .numpy() converts to NumPy array
print("Details of the tensor: ",t1)

print("Index tensors: ", t1[:1,:])
------------------

[1;31m---------------------------------------------------------------------------[0m
[1;31mModuleNotFoundError[0m                       Traceback (most recent call last)
[1;32m~\AppData\Local\Temp/ipykernel_25656/3414465607.py[0m in [0;36m<module>[1;34m[0m
[0;32m      1[0m [1;31m# Some common commands are as follows[0m[1;33m[0m[1;33m[0m[1;33m[0m[0m
[1;32m----> 2[1;33m [1;32mimport[0m [0mtensorflow[0m [1;32mas[0m [0mtf[0m[1;33m[0m[1;33m[0m[0m
[0m[0;32m      3[0m [0mprint[0m[1;33m([0m[1;34m"Check TF version: "[0m[1;33m,[0m[0mtf[0m[1;33m.[0m[0m__version__[0m[1;33m)[0m[1;33m[0m[1;33m[0m[0m
[0;32m      4[0m [1;33m[0m[0m
[0;32m      5[0m t1 = tf.constant([[10., 7.],

[1;31mModuleNotFoundError[0m: No module named 'tensorflow'
ModuleNotFoundError: No module named 'tensorflow'

